This is pdfTeX, Version 3.14159265-2.6-1.40.17 (TeX Live 2016) (preloaded format=mex 2017.4.8)  4 JUL 2017 17:05
entering extended mode
 restricted \write18 enabled.
 %&-line parsing enabled.
**bac1_gibbs_c.cpp
(./bac1_gibbs_c.cpp
This is MeX  Version 1.05  18 XII 1993  (B. Jackowski & M. Ry\'cko)
! Missing $ inserted.
<inserted text> 
                $
<to be read again> 
                   _
l.5  *      mex -I/usr/local/include/ -lgsl bac1_
                                                 gibbs_c.cpp extern/rtnorm.cpp
? ^^[[A^^[[A^^[[A^^[[A
Type <return> to proceed, S to scroll future error messages,
R to run without stopping, Q to run quietly,
I to insert something, E to edit your file,
1 or ... or 9 to ignore the next 1 to 9 tokens of input,
H for help, X to quit.
? 
! Emergency stop.
<inserted text> 
                $
<to be read again> 
                   _
l.5  *      mex -I/usr/local/include/ -lgsl bac1_
                                                 gibbs_c.cpp extern/rtnorm.cpp
End of file on the terminal!

No pages of output.
